<?xml version="1.0" encoding="UTF-8"?>
<!-- Generated by org.testng.reporters.JUnitXMLReporter -->
<testsuite ignored="0" hostname="DESKTOP-NPO0Q6B" failures="1" tests="3" name="Default test" time="295.473" errors="0" timestamp="2026-04-05T12:17:34 IST">
  <testcase classname="io.cucumber.testng.AbstractTestNGCucumberTests" name="runScenario" time="111.434"/>
  <testcase classname="io.cucumber.testng.AbstractTestNGCucumberTests" name="runScenario" time="90.767">
    <failure type="org.openqa.selenium.ElementClickInterceptedException" message="element click intercepted: Element &amp;lt;button _ngcontent-akh-c92=&amp;quot;&amp;quot; tabindex=&amp;quot;0&amp;quot; class=&amp;quot;ux-button primary sm-mob otp-submit&amp;quot;&amp;gt;...&amp;lt;/button&amp;gt; is not clickable at point (640, 440). Other element would receive the click: &amp;lt;div _ngcontent-akh-c51=&amp;quot;&amp;quot; id=&amp;quot;pageLoader&amp;quot; role=&amp;quot;status&amp;quot; aria-live=&amp;quot;polite&amp;quot; class=&amp;quot;loading-backdrop&amp;quot; style=&amp;quot;opacity: 0.0209636;&amp;quot;&amp;gt;...&amp;lt;/div&amp;gt;
  (Session info: chrome=146.0.7680.178)
Build info: version: &amp;apos;4.17.0&amp;apos;, revision: &amp;apos;e52b1be057*&amp;apos;
System info: os.name: &amp;apos;Windows 11&amp;apos;, os.arch: &amp;apos;amd64&amp;apos;, os.version: &amp;apos;10.0&amp;apos;, java.version: &amp;apos;21.0.8&amp;apos;
Driver info: org.openqa.selenium.chrome.ChromeDriver
Command: [9a8e958bd029b951dc6ef78523fdccb9, clickElement {id=f.0981CD38AE40CA1AC0B8DCAAD8431A55.d.BE6EC83EEBE215003BD0B972E9BAA2D4.e.96}]
Capabilities {acceptInsecureCerts: false, browserName: chrome, browserVersion: 146.0.7680.178, chrome: {chromedriverVersion: 146.0.7680.165 (4b989da09e1..., userDataDir: C:\Users\Admin\AppData\Loca...}, fedcm:accounts: true, goog:chromeOptions: {debuggerAddress: localhost:49329}, goog:processID: 15328, networkConnectionEnabled: false, pageLoadStrategy: normal, platformName: windows, proxy: Proxy(), se:cdp: ws://localhost:49329/devtoo..., se:cdpVersion: 146.0.7680.178, setWindowRect: true, strictFileInteractability: false, timeouts: {implicit: 0, pageLoad: 300000, script: 30000}, unhandledPromptBehavior: dismiss and notify, webauthn:extension:credBlob: true, webauthn:extension:largeBlob: true, webauthn:extension:minPinLength: true, webauthn:extension:prf: true, webauthn:virtualAuthenticators: true}
Element: [[ChromeDriver: chrome on windows (9a8e958bd029b951dc6ef78523fdccb9)] -&amp;gt; xpath: //button[contains(text(),&amp;apos;Submit&amp;apos;)]]
Session ID: 9a8e958bd029b951dc6ef78523fdccb9">
      <![CDATA[org.openqa.selenium.ElementClickInterceptedException: element click intercepted: Element <button _ngcontent-akh-c92="" tabindex="0" class="ux-button primary sm-mob otp-submit">...</button> is not clickable at point (640, 440). Other element would receive the click: <div _ngcontent-akh-c51="" id="pageLoader" role="status" aria-live="polite" class="loading-backdrop" style="opacity: 0.0209636;">...</div>
  (Session info: chrome=146.0.7680.178)
Build info: version: '4.17.0', revision: 'e52b1be057*'
System info: os.name: 'Windows 11', os.arch: 'amd64', os.version: '10.0', java.version: '21.0.8'
Driver info: org.openqa.selenium.chrome.ChromeDriver
Command: [9a8e958bd029b951dc6ef78523fdccb9, clickElement {id=f.0981CD38AE40CA1AC0B8DCAAD8431A55.d.BE6EC83EEBE215003BD0B972E9BAA2D4.e.96}]
Capabilities {acceptInsecureCerts: false, browserName: chrome, browserVersion: 146.0.7680.178, chrome: {chromedriverVersion: 146.0.7680.165 (4b989da09e1..., userDataDir: C:\Users\Admin\AppData\Loca...}, fedcm:accounts: true, goog:chromeOptions: {debuggerAddress: localhost:49329}, goog:processID: 15328, networkConnectionEnabled: false, pageLoadStrategy: normal, platformName: windows, proxy: Proxy(), se:cdp: ws://localhost:49329/devtoo..., se:cdpVersion: 146.0.7680.178, setWindowRect: true, strictFileInteractability: false, timeouts: {implicit: 0, pageLoad: 300000, script: 30000}, unhandledPromptBehavior: dismiss and notify, webauthn:extension:credBlob: true, webauthn:extension:largeBlob: true, webauthn:extension:minPinLength: true, webauthn:extension:prf: true, webauthn:virtualAuthenticators: true}
Element: [[ChromeDriver: chrome on windows (9a8e958bd029b951dc6ef78523fdccb9)] -> xpath: //button[contains(text(),'Submit')]]
Session ID: 9a8e958bd029b951dc6ef78523fdccb9
at java.base/jdk.internal.reflect.DirectConstructorHandleAccessor.newInstance(DirectConstructorHandleAccessor.java:62)
at java.base/java.lang.reflect.Constructor.newInstanceWithCaller(Constructor.java:502)
at java.base/java.lang.reflect.Constructor.newInstance(Constructor.java:486)
at org.openqa.selenium.remote.codec.w3c.W3CHttpResponseCodec.createException(W3CHttpResponseCodec.java:185)
at org.openqa.selenium.remote.codec.w3c.W3CHttpResponseCodec.decode(W3CHttpResponseCodec.java:134)
at org.openqa.selenium.remote.codec.w3c.W3CHttpResponseCodec.decode(W3CHttpResponseCodec.java:51)
at org.openqa.selenium.remote.HttpCommandExecutor.execute(HttpCommandExecutor.java:190)
at org.openqa.selenium.remote.service.DriverCommandExecutor.invokeExecute(DriverCommandExecutor.java:216)
at org.openqa.selenium.remote.service.DriverCommandExecutor.execute(DriverCommandExecutor.java:174)
at org.openqa.selenium.remote.RemoteWebDriver.execute(RemoteWebDriver.java:519)
at org.openqa.selenium.remote.RemoteWebElement.execute(RemoteWebElement.java:223)
at org.openqa.selenium.remote.RemoteWebElement.click(RemoteWebElement.java:76)
at pages.login.OtpPage.submitOtp(OtpPage.java:79)
at stepdefinitions.OtpSteps.user_clicks_submit_otp(OtpSteps.java:51)
at ✽.user clicks submit otp(file:///C:/Selenium%20project/InternetBanking/src/test/resources/features/login/Login.feature:23)
]]>
    </failure>
  </testcase> <!-- runScenario -->
  <testcase classname="io.cucumber.testng.AbstractTestNGCucumberTests" name="runScenario" time="92.734"/>
</testsuite> <!-- Default test -->
