<?xml version="1.0" encoding="UTF-8"?>
<testng-results ignored="0" total="3" passed="2" failed="1" skipped="0">
  <reporter-output>
  </reporter-output>
  <suite started-at="2026-04-05T12:12:38 IST" name="Default suite" finished-at="2026-04-05T12:17:34 IST" duration-ms="295473">
    <groups>
      <group name="cucumber">
        <method signature="AbstractTestNGCucumberTests.runScenario(io.cucumber.testng.PickleWrapper,io.cucumber.testng.FeatureWrapper)[pri:0, instance:runner.TestRunner@5b94b04d]" name="runScenario" class="io.cucumber.testng.AbstractTestNGCucumberTests"/>
      </group> <!-- cucumber -->
    </groups>
    <test started-at="2026-04-05T12:12:38 IST" name="Default test" finished-at="2026-04-05T12:17:34 IST" duration-ms="295473">
      <class name="runner.TestRunner">
        <test-method is-config="true" signature="setUpClass(org.testng.ITestContext)[pri:0, instance:runner.TestRunner@5b94b04d]" started-at="2026-04-05T12:12:38 IST" name="setUpClass" finished-at="2026-04-05T12:12:39 IST" duration-ms="454" status="PASS">
          <params>
            <param index="0">
              <value>
                <![CDATA[org.testng.TestRunner@64f6dd19]]>
              </value>
            </param>
          </params>
          <reporter-output>
          </reporter-output>
        </test-method> <!-- setUpClass -->
        <test-method signature="runScenario(io.cucumber.testng.PickleWrapper,io.cucumber.testng.FeatureWrapper)[pri:0, instance:runner.TestRunner@5b94b04d]" started-at="2026-04-05T12:12:39 IST" name="runScenario" description="Runs Cucumber Scenarios" data-provider="scenarios" finished-at="2026-04-05T12:14:30 IST" duration-ms="111434" status="PASS">
          <params>
            <param index="0">
              <value>
                <![CDATA["Successful login with valid OTP"]]>
              </value>
            </param>
            <param index="1">
              <value>
                <![CDATA["PSB Login with Two Factor Authentication"]]>
              </value>
            </param>
          </params>
          <reporter-output>
          </reporter-output>
        </test-method> <!-- runScenario -->
        <test-method signature="runScenario(io.cucumber.testng.PickleWrapper,io.cucumber.testng.FeatureWrapper)[pri:0, instance:runner.TestRunner@5b94b04d]" started-at="2026-04-05T12:14:30 IST" name="runScenario" description="Runs Cucumber Scenarios" data-provider="scenarios" finished-at="2026-04-05T12:16:01 IST" duration-ms="90767" status="FAIL">
          <params>
            <param index="0">
              <value>
                <![CDATA["Login fails with invalid OTP"]]>
              </value>
            </param>
            <param index="1">
              <value>
                <![CDATA["PSB Login with Two Factor Authentication"]]>
              </value>
            </param>
          </params>
          <exception class="org.openqa.selenium.ElementClickInterceptedException">
            <message>
              <![CDATA[element click intercepted: Element <button _ngcontent-akh-c92="" tabindex="0" class="ux-button primary sm-mob otp-submit">...</button> is not clickable at point (640, 440). Other element would receive the click: <div _ngcontent-akh-c51="" id="pageLoader" role="status" aria-live="polite" class="loading-backdrop" style="opacity: 0.0209636;">...</div>
  (Session info: chrome=146.0.7680.178)
Build info: version: '4.17.0', revision: 'e52b1be057*'
System info: os.name: 'Windows 11', os.arch: 'amd64', os.version: '10.0', java.version: '21.0.8'
Driver info: org.openqa.selenium.chrome.ChromeDriver
Command: [9a8e958bd029b951dc6ef78523fdccb9, clickElement {id=f.0981CD38AE40CA1AC0B8DCAAD8431A55.d.BE6EC83EEBE215003BD0B972E9BAA2D4.e.96}]
Capabilities {acceptInsecureCerts: false, browserName: chrome, browserVersion: 146.0.7680.178, chrome: {chromedriverVersion: 146.0.7680.165 (4b989da09e1..., userDataDir: C:\Users\Admin\AppData\Loca...}, fedcm:accounts: true, goog:chromeOptions: {debuggerAddress: localhost:49329}, goog:processID: 15328, networkConnectionEnabled: false, pageLoadStrategy: normal, platformName: windows, proxy: Proxy(), se:cdp: ws://localhost:49329/devtoo..., se:cdpVersion: 146.0.7680.178, setWindowRect: true, strictFileInteractability: false, timeouts: {implicit: 0, pageLoad: 300000, script: 30000}, unhandledPromptBehavior: dismiss and notify, webauthn:extension:credBlob: true, webauthn:extension:largeBlob: true, webauthn:extension:minPinLength: true, webauthn:extension:prf: true, webauthn:virtualAuthenticators: true}
Element: [[ChromeDriver: chrome on windows (9a8e958bd029b951dc6ef78523fdccb9)] -> xpath: //button[contains(text(),'Submit')]]
Session ID: 9a8e958bd029b951dc6ef78523fdccb9]]>
            </message>
            <full-stacktrace>
              <![CDATA[org.openqa.selenium.ElementClickInterceptedException: element click intercepted: Element <button _ngcontent-akh-c92="" tabindex="0" class="ux-button primary sm-mob otp-submit">...</button> is not clickable at point (640, 440). Other element would receive the click: <div _ngcontent-akh-c51="" id="pageLoader" role="status" aria-live="polite" class="loading-backdrop" style="opacity: 0.0209636;">...</div>
  (Session info: chrome=146.0.7680.178)
Build info: version: '4.17.0', revision: 'e52b1be057*'
System info: os.name: 'Windows 11', os.arch: 'amd64', os.version: '10.0', java.version: '21.0.8'
Driver info: org.openqa.selenium.chrome.ChromeDriver
Command: [9a8e958bd029b951dc6ef78523fdccb9, clickElement {id=f.0981CD38AE40CA1AC0B8DCAAD8431A55.d.BE6EC83EEBE215003BD0B972E9BAA2D4.e.96}]
Capabilities {acceptInsecureCerts: false, browserName: chrome, browserVersion: 146.0.7680.178, chrome: {chromedriverVersion: 146.0.7680.165 (4b989da09e1..., userDataDir: C:\Users\Admin\AppData\Loca...}, fedcm:accounts: true, goog:chromeOptions: {debuggerAddress: localhost:49329}, goog:processID: 15328, networkConnectionEnabled: false, pageLoadStrategy: normal, platformName: windows, proxy: Proxy(), se:cdp: ws://localhost:49329/devtoo..., se:cdpVersion: 146.0.7680.178, setWindowRect: true, strictFileInteractability: false, timeouts: {implicit: 0, pageLoad: 300000, script: 30000}, unhandledPromptBehavior: dismiss and notify, webauthn:extension:credBlob: true, webauthn:extension:largeBlob: true, webauthn:extension:minPinLength: true, webauthn:extension:prf: true, webauthn:virtualAuthenticators: true}
Element: [[ChromeDriver: chrome on windows (9a8e958bd029b951dc6ef78523fdccb9)] -> xpath: //button[contains(text(),'Submit')]]
Session ID: 9a8e958bd029b951dc6ef78523fdccb9
at java.base/jdk.internal.reflect.DirectConstructorHandleAccessor.newInstance(DirectConstructorHandleAccessor.java:62)
at java.base/java.lang.reflect.Constructor.newInstanceWithCaller(Constructor.java:502)
at java.base/java.lang.reflect.Constructor.newInstance(Constructor.java:486)
at org.openqa.selenium.remote.codec.w3c.W3CHttpResponseCodec.createException(W3CHttpResponseCodec.java:185)
at org.openqa.selenium.remote.codec.w3c.W3CHttpResponseCodec.decode(W3CHttpResponseCodec.java:134)
at org.openqa.selenium.remote.codec.w3c.W3CHttpResponseCodec.decode(W3CHttpResponseCodec.java:51)
at org.openqa.selenium.remote.HttpCommandExecutor.execute(HttpCommandExecutor.java:190)
at org.openqa.selenium.remote.service.DriverCommandExecutor.invokeExecute(DriverCommandExecutor.java:216)
at org.openqa.selenium.remote.service.DriverCommandExecutor.execute(DriverCommandExecutor.java:174)
at org.openqa.selenium.remote.RemoteWebDriver.execute(RemoteWebDriver.java:519)
at org.openqa.selenium.remote.RemoteWebElement.execute(RemoteWebElement.java:223)
at org.openqa.selenium.remote.RemoteWebElement.click(RemoteWebElement.java:76)
at pages.login.OtpPage.submitOtp(OtpPage.java:79)
at stepdefinitions.OtpSteps.user_clicks_submit_otp(OtpSteps.java:51)
at ✽.user clicks submit otp(file:///C:/Selenium%20project/InternetBanking/src/test/resources/features/login/Login.feature:23)
]]>
            </full-stacktrace>
          </exception> <!-- org.openqa.selenium.ElementClickInterceptedException -->
          <reporter-output>
          </reporter-output>
        </test-method> <!-- runScenario -->
        <test-method signature="runScenario(io.cucumber.testng.PickleWrapper,io.cucumber.testng.FeatureWrapper)[pri:0, instance:runner.TestRunner@5b94b04d]" started-at="2026-04-05T12:16:01 IST" name="runScenario" description="Runs Cucumber Scenarios" data-provider="scenarios" finished-at="2026-04-05T12:17:34 IST" duration-ms="92734" status="PASS">
          <params>
            <param index="0">
              <value>
                <![CDATA["OTP expired and resend option should be enabled"]]>
              </value>
            </param>
            <param index="1">
              <value>
                <![CDATA["PSB Login with Two Factor Authentication"]]>
              </value>
            </param>
          </params>
          <reporter-output>
          </reporter-output>
        </test-method> <!-- runScenario -->
        <test-method is-config="true" signature="tearDownClass()[pri:0, instance:runner.TestRunner@5b94b04d]" started-at="2026-04-05T12:17:34 IST" name="tearDownClass" finished-at="2026-04-05T12:17:34 IST" duration-ms="43" status="PASS">
          <reporter-output>
          </reporter-output>
        </test-method> <!-- tearDownClass -->
      </class> <!-- runner.TestRunner -->
    </test> <!-- Default test -->
  </suite> <!-- Default suite -->
</testng-results>
